<?xml version="1.0" encoding="UTF-8"?>
<testsuite name="ru.roguelike.logic.strategies.ConfusedStrategyDecoratorTest" tests="1" skipped="0" failures="0" errors="0" timestamp="2019-06-17T20:08:18" hostname="Andrey" time="0.0">
  <properties/>
  <testcase name="preferredMove" classname="ru.roguelike.logic.strategies.ConfusedStrategyDecoratorTest" time="0.0"/>
  <system-out><![CDATA[]]></system-out>
  <system-err><![CDATA[]]></system-err>
</testsuite>
